[debug] [2021-02-01T14:20:51.446Z] ----------------------------------------------------------------------
[debug] [2021-02-01T14:20:51.448Z] Command:       /usr/local/bin/node /usr/local/bin/firebase init hosting
[debug] [2021-02-01T14:20:51.448Z] CLI Version:   9.2.2
[debug] [2021-02-01T14:20:51.448Z] Platform:      darwin
[debug] [2021-02-01T14:20:51.448Z] Node Version:  v12.19.0
[debug] [2021-02-01T14:20:51.451Z] Time:          Mon Feb 01 2021 15:20:51 GMT+0100 (Central European Standard Time)
[debug] [2021-02-01T14:20:51.451Z] ----------------------------------------------------------------------
[debug] [2021-02-01T14:20:51.451Z] 
[debug] [2021-02-01T14:20:51.457Z] > command requires scopes: ["email","openid","https://www.googleapis.com/auth/cloudplatformprojects.readonly","https://www.googleapis.com/auth/firebase","https://www.googleapis.com/auth/cloud-platform"]
[debug] [2021-02-01T14:20:51.458Z] > authorizing via signed-in user
[info] 
     ######## #### ########  ######## ########     ###     ######  ########
     ##        ##  ##     ## ##       ##     ##  ##   ##  ##       ##
     ######    ##  ########  ######   ########  #########  ######  ######
     ##        ##  ##    ##  ##       ##     ## ##     ##       ## ##
     ##       #### ##     ## ######## ########  ##     ##  ######  ########

You're about to initialize a Firebase project in this directory:

  /Users/s.vladimirov/Project/React/brogan

Before we get started, keep in mind:

  * You are initializing in an existing Firebase project directory

[info] 
=== Project Setup
[info] 
[info] First, let's associate this project directory with a Firebase project.
[info] You can create multiple project aliases by running firebase use --add, 
[info] but for now we'll just set up a default project.
[info] 
[info] i  .firebaserc already has a default project, using brogan-c0f45. 
[debug] [2021-02-01T14:20:51.463Z] > refreshing access token with scopes: []
[debug] [2021-02-01T14:20:51.463Z] >>> HTTP REQUEST POST https://www.googleapis.com/oauth2/v3/token  
 <request body omitted>
[debug] [2021-02-01T14:20:51.828Z] <<< HTTP RESPONSE 200 {"pragma":"no-cache","cache-control":"no-cache, no-store, max-age=0, must-revalidate","expires":"Mon, 01 Jan 1990 00:00:00 GMT","date":"Mon, 01 Feb 2021 14:20:51 GMT","content-type":"application/json; charset=utf-8","vary":"X-Origin, Referer, Origin,Accept-Encoding","server":"scaffolding on HTTPServer2","x-xss-protection":"0","x-frame-options":"SAMEORIGIN","x-content-type-options":"nosniff","alt-svc":"h3-29=\":443\"; ma=2592000,h3-T051=\":443\"; ma=2592000,h3-Q050=\":443\"; ma=2592000,h3-Q046=\":443\"; ma=2592000,h3-Q043=\":443\"; ma=2592000,quic=\":443\"; ma=2592000; v=\"46,43\"","accept-ranges":"none","transfer-encoding":"chunked"}
[debug] [2021-02-01T14:20:51.880Z] >>> [apiv2][query] GET https://firebase.googleapis.com/v1beta1/projects/brogan-c0f45 [none]
[debug] [2021-02-01T14:20:52.287Z] <<< [apiv2][status] GET https://firebase.googleapis.com/v1beta1/projects/brogan-c0f45 200
[debug] [2021-02-01T14:20:52.287Z] <<< [apiv2][body] GET https://firebase.googleapis.com/v1beta1/projects/brogan-c0f45 {"projectId":"brogan-c0f45","projectNumber":"502624265935","displayName":"brogan","name":"projects/brogan-c0f45","resources":{"hostingSite":"brogan-c0f45","realtimeDatabaseInstance":"brogan-c0f45-default-rtdb","storageBucket":"brogan-c0f45.appspot.com","locationId":"europe-west"},"state":"ACTIVE"}
[info] 
=== Hosting Setup
[info] 
[info] Your public directory is the folder (relative to your project directory) that
[info] will contain Hosting assets to be uploaded with firebase deploy. If you
[info] have a build process for your assets, use your build's output directory.
[info] 
